<?xml version="1.0" encoding="UTF-8"?>
<testng-results skipped="0" failed="1" ignored="0" total="10" passed="9">
  <reporter-output>
  </reporter-output>
  <suite name="Suite" duration-ms="14710" started-at="2022-05-25T00:45:45 IST" finished-at="2022-05-25T00:46:00 IST">
    <groups>
    </groups>
    <test name="Test" duration-ms="14710" started-at="2022-05-25T00:45:45 IST" finished-at="2022-05-25T00:46:00 IST">
      <class name="org.testing.Testscripts.TC7_Getemployee">
        <test-method status="FAIL" signature="getemployee()[pri:0, instance:org.testing.Testscripts.TC7_Getemployee@11758f2a]" name="getemployee" duration-ms="1372" started-at="2022-05-25T00:45:56 IST" finished-at="2022-05-25T00:45:57 IST">
          <exception class="io.restassured.path.json.exception.JsonPathException">
            <message>
              <![CDATA[Failed to parse the JSON document]]>
            </message>
            <full-stacktrace>
              <![CDATA[io.restassured.path.json.exception.JsonPathException: Failed to parse the JSON document
at io.restassured.path.json.JsonPath$ExceptionCatcher.invoke(JsonPath.java:1002)
at io.restassured.path.json.JsonPath$4.doParseWith(JsonPath.java:967)
at io.restassured.path.json.JsonPath$JsonParser.parseWith(JsonPath.java:1047)
at io.restassured.path.json.JsonPath.get(JsonPath.java:202)
at org.testing.utilities.Parsingjsonusingpath.jsonpath(Parsingjsonusingpath.java:9)
at org.testing.responsevalidation.Responsevalidate.Data(Responsevalidate.java:13)
at org.testing.Testscripts.TC7_Getemployee.getemployee(TC7_Getemployee.java:27)
at sun.reflect.NativeMethodAccessorImpl.invoke0(Native Method)
at sun.reflect.NativeMethodAccessorImpl.invoke(Unknown Source)
at sun.reflect.DelegatingMethodAccessorImpl.invoke(Unknown Source)
at java.lang.reflect.Method.invoke(Unknown Source)
at org.testng.internal.invokers.MethodInvocationHelper.invokeMethod(MethodInvocationHelper.java:135)
at org.testng.internal.invokers.TestInvoker.invokeMethod(TestInvoker.java:673)
at org.testng.internal.invokers.TestInvoker.invokeTestMethod(TestInvoker.java:220)
at org.testng.internal.invokers.MethodRunner.runInSequence(MethodRunner.java:50)
at org.testng.internal.invokers.TestInvoker$MethodInvocationAgent.invoke(TestInvoker.java:945)
at org.testng.internal.invokers.TestInvoker.invokeTestMethods(TestInvoker.java:193)
at org.testng.internal.invokers.TestMethodWorker.invokeTestMethods(TestMethodWorker.java:146)
at org.testng.internal.invokers.TestMethodWorker.run(TestMethodWorker.java:128)
at java.util.ArrayList.forEach(Unknown Source)
at org.testng.TestRunner.privateRun(TestRunner.java:808)
at org.testng.TestRunner.run(TestRunner.java:603)
at org.testng.SuiteRunner.runTest(SuiteRunner.java:429)
at org.testng.SuiteRunner.runSequentially(SuiteRunner.java:423)
at org.testng.SuiteRunner.privateRun(SuiteRunner.java:383)
at org.testng.SuiteRunner.run(SuiteRunner.java:326)
at org.testng.SuiteRunnerWorker.runSuite(SuiteRunnerWorker.java:52)
at org.testng.SuiteRunnerWorker.run(SuiteRunnerWorker.java:95)
at org.testng.TestNG.runSuitesSequentially(TestNG.java:1249)
at org.testng.TestNG.runSuitesLocally(TestNG.java:1169)
at org.testng.TestNG.runSuites(TestNG.java:1092)
at org.testng.TestNG.run(TestNG.java:1060)
at org.testng.remote.AbstractRemoteTestNG.run(AbstractRemoteTestNG.java:115)
at org.testng.remote.RemoteTestNG.initAndRun(RemoteTestNG.java:251)
at org.testng.remote.RemoteTestNG.main(RemoteTestNG.java:77)
Caused by: groovy.json.JsonException: Lexing failed on line: 1, column: 1, while reading '<', no possible valid JSON value or punctuation could be recognized.
at groovy.json.JsonLexer.nextToken(JsonLexer.java:86)
at groovy.json.JsonLexer$nextToken.call(Unknown Source)
at io.restassured.internal.path.json.ConfigurableJsonSlurper.parse(ConfigurableJsonSlurper.groovy:97)
at io.restassured.internal.path.json.ConfigurableJsonSlurper$parse.callCurrent(Unknown Source)
at io.restassured.internal.path.json.ConfigurableJsonSlurper.parseText(ConfigurableJsonSlurper.groovy:83)
at io.restassured.path.json.JsonPath$4$1.method(JsonPath.java:965)
at io.restassured.path.json.JsonPath$ExceptionCatcher.invoke(JsonPath.java:1000)
... 34 more
]]>
            </full-stacktrace>
          </exception> <!-- io.restassured.path.json.exception.JsonPathException -->
          <reporter-output>
          </reporter-output>
        </test-method> <!-- getemployee -->
      </class> <!-- org.testing.Testscripts.TC7_Getemployee -->
      <class name="org.testing.Testscripts.TC4_Putrequest">
        <test-method status="PASS" signature="Put()[pri:0, instance:org.testing.Testscripts.TC4_Putrequest@eafc191]" name="Put" duration-ms="63" started-at="2022-05-25T00:45:53 IST" finished-at="2022-05-25T00:45:53 IST">
          <reporter-output>
          </reporter-output>
        </test-method> <!-- Put -->
      </class> <!-- org.testing.Testscripts.TC4_Putrequest -->
      <class name="org.testing.Testscripts.TC6_Createrecord">
        <test-method status="PASS" signature="create()[pri:0, instance:org.testing.Testscripts.TC6_Createrecord@612679d6]" name="create" duration-ms="1308" started-at="2022-05-25T00:45:54 IST" finished-at="2022-05-25T00:45:56 IST">
          <reporter-output>
          </reporter-output>
        </test-method> <!-- create -->
      </class> <!-- org.testing.Testscripts.TC6_Createrecord -->
      <class name="org.testing.Testscripts.TC10_Deletenew">
        <test-method status="PASS" signature="deletenew()[pri:0, instance:org.testing.Testscripts.TC10_Deletenew@1060b431]" name="deletenew" duration-ms="1408" started-at="2022-05-25T00:45:53 IST" finished-at="2022-05-25T00:45:54 IST">
          <reporter-output>
          </reporter-output>
        </test-method> <!-- deletenew -->
      </class> <!-- org.testing.Testscripts.TC10_Deletenew -->
      <class name="org.testing.Testscripts.TC9_Update">
        <test-method status="PASS" signature="putupdate()[pri:0, instance:org.testing.Testscripts.TC9_Update@1b26f7b2]" name="putupdate" duration-ms="1197" started-at="2022-05-25T00:45:58 IST" finished-at="2022-05-25T00:46:00 IST">
          <reporter-output>
          </reporter-output>
        </test-method> <!-- putupdate -->
      </class> <!-- org.testing.Testscripts.TC9_Update -->
      <class name="org.testing.Testscripts.TC8_Alldataget">
        <test-method status="PASS" signature="ALLDATA()[pri:0, instance:org.testing.Testscripts.TC8_Alldataget@e720b71]" name="ALLDATA" duration-ms="1342" started-at="2022-05-25T00:45:57 IST" finished-at="2022-05-25T00:45:58 IST">
          <reporter-output>
          </reporter-output>
        </test-method> <!-- ALLDATA -->
      </class> <!-- org.testing.Testscripts.TC8_Alldataget -->
      <class name="org.testing.Testscripts.TC1_PostRequest">
        <test-method status="PASS" signature="Testcase1()[pri:0, instance:org.testing.Testscripts.TC1_PostRequest@50d0686]" name="Testcase1" duration-ms="6590" started-at="2022-05-25T00:45:45 IST" finished-at="2022-05-25T00:45:51 IST">
          <reporter-output>
          </reporter-output>
        </test-method> <!-- Testcase1 -->
      </class> <!-- org.testing.Testscripts.TC1_PostRequest -->
      <class name="org.testing.Testscripts.TC5_Deleterequest">
        <test-method status="PASS" signature="Delete()[pri:0, instance:org.testing.Testscripts.TC5_Deleterequest@612fc6eb]" name="Delete" duration-ms="51" started-at="2022-05-25T00:45:53 IST" finished-at="2022-05-25T00:45:53 IST">
          <reporter-output>
          </reporter-output>
        </test-method> <!-- Delete -->
      </class> <!-- org.testing.Testscripts.TC5_Deleterequest -->
      <class name="org.testing.Testscripts.TC2_Getrequest">
        <test-method status="PASS" signature="Testcase2()[pri:0, instance:org.testing.Testscripts.TC2_Getrequest@87f383f]" name="Testcase2" duration-ms="94" started-at="2022-05-25T00:45:51 IST" finished-at="2022-05-25T00:45:52 IST">
          <reporter-output>
          </reporter-output>
        </test-method> <!-- Testcase2 -->
      </class> <!-- org.testing.Testscripts.TC2_Getrequest -->
      <class name="org.testing.Testscripts.TC3_Getallrequest">
        <test-method status="PASS" signature="TC3()[pri:0, instance:org.testing.Testscripts.TC3_Getallrequest@4eb7f003]" name="TC3" duration-ms="1181" started-at="2022-05-25T00:45:52 IST" finished-at="2022-05-25T00:45:53 IST">
          <reporter-output>
          </reporter-output>
        </test-method> <!-- TC3 -->
      </class> <!-- org.testing.Testscripts.TC3_Getallrequest -->
    </test> <!-- Test -->
  </suite> <!-- Suite -->
</testng-results>
