<html>
<head>
<title>TestNG:  Test</title>
<link href="../testng.css" rel="stylesheet" type="text/css" />
<link href="../my-testng.css" rel="stylesheet" type="text/css" />

<style type="text/css">
.log { display: none;} 
.stack-trace { display: none;} 
</style>
<script type="text/javascript">
<!--
function flip(e) {
  current = e.style.display;
  if (current == 'block') {
    e.style.display = 'none';
    return 0;
  }
  else {
    e.style.display = 'block';
    return 1;
  }
}

function toggleBox(szDivId, elem, msg1, msg2)
{
  var res = -1;  if (document.getElementById) {
    res = flip(document.getElementById(szDivId));
  }
  else if (document.all) {
    // this is the way old msie versions work
    res = flip(document.all[szDivId]);
  }
  if(elem) {
    if(res == 0) elem.innerHTML = msg1; else elem.innerHTML = msg2;
  }

}

function toggleAllBoxes() {
  if (document.getElementsByTagName) {
    d = document.getElementsByTagName('div');
    for (i = 0; i < d.length; i++) {
      if (d[i].className == 'log') {
        flip(d[i]);
      }
    }
  }
}

// -->
</script>

</head>
<body>
<h2 align='center'>Test</h2><table border='1' align="center">
<tr>
<td>Tests passed/Failed/Skipped:</td><td>9/1/0</td>
</tr><tr>
<td>Started on:</td><td>Wed May 25 00:45:45 IST 2022</td>
</tr>
<tr><td>Total time:</td><td>14 seconds (14710 ms)</td>
</tr><tr>
<td>Included groups:</td><td></td>
</tr><tr>
<td>Excluded groups:</td><td></td>
</tr>
</table><p/>
<small><i>(Hover the method name to see the test class name)</i></small><p/>
<table width='100%' border='1' class='invocation-failed'>
<tr><td colspan='4' align='center'><b>FAILED TESTS</b></td></tr>
<tr><td><b>Test method</b></td>
<td width="30%"><b>Exception</b></td>
<td width="10%"><b>Time (seconds)</b></td>
<td><b>Instance</b></td>
</tr>
<tr>
<td title='org.testing.Testscripts.TC7_Getemployee.getemployee()'><b>getemployee</b><br>Test class: org.testing.Testscripts.TC7_Getemployee</td>
<td><div><pre>io.restassured.path.json.exception.JsonPathException: Failed to parse the JSON document
	at io.restassured.path.json.JsonPath$ExceptionCatcher.invoke(JsonPath.java:1002)
	at io.restassured.path.json.JsonPath$4.doParseWith(JsonPath.java:967)
	at io.restassured.path.json.JsonPath$JsonParser.parseWith(JsonPath.java:1047)
	at io.restassured.path.json.JsonPath.get(JsonPath.java:202)
	at org.testing.utilities.Parsingjsonusingpath.jsonpath(Parsingjsonusingpath.java:9)
	at org.testing.responsevalidation.Responsevalidate.Data(Responsevalidate.java:13)
	at org.testing.Testscripts.TC7_Getemployee.getemployee(TC7_Getemployee.java:27)
	at java.util.ArrayList.forEach(Unknown Source)
Caused by: groovy.json.JsonException: Lexing failed on line: 1, column: 1, while reading &apos;&lt;&apos;, no possible valid JSON value or punctuation could be recognized.
	at groovy.json.JsonLexer.nextToken(JsonLexer.java:86)
	at groovy.json.JsonLexer$nextToken.call(Unknown Source)
	at io.restassured.internal.path.json.ConfigurableJsonSlurper.parse(ConfigurableJsonSlurper.groovy:97)
	at io.restassured.internal.path.json.ConfigurableJsonSlurper$parse.callCurrent(Unknown Source)
	at io.restassured.internal.path.json.ConfigurableJsonSlurper.parseText(ConfigurableJsonSlurper.groovy:83)
	at io.restassured.path.json.JsonPath$4$1.method(JsonPath.java:965)
	at io.restassured.path.json.JsonPath$ExceptionCatcher.invoke(JsonPath.java:1000)
	... 34 more
... Removed 27 stack frames</pre></div><a href='#' onClick='toggleBox("stack-trace1579584742", this, "Click to show all stack frames", "Click to hide stack frames")'>Click to show all stack frames</a>
<div class='stack-trace' id='stack-trace1579584742'><pre>io.restassured.path.json.exception.JsonPathException: Failed to parse the JSON document
	at io.restassured.path.json.JsonPath$ExceptionCatcher.invoke(JsonPath.java:1002)
	at io.restassured.path.json.JsonPath$4.doParseWith(JsonPath.java:967)
	at io.restassured.path.json.JsonPath$JsonParser.parseWith(JsonPath.java:1047)
	at io.restassured.path.json.JsonPath.get(JsonPath.java:202)
	at org.testing.utilities.Parsingjsonusingpath.jsonpath(Parsingjsonusingpath.java:9)
	at org.testing.responsevalidation.Responsevalidate.Data(Responsevalidate.java:13)
	at org.testing.Testscripts.TC7_Getemployee.getemployee(TC7_Getemployee.java:27)
	at sun.reflect.NativeMethodAccessorImpl.invoke0(Native Method)
	at sun.reflect.NativeMethodAccessorImpl.invoke(Unknown Source)
	at sun.reflect.DelegatingMethodAccessorImpl.invoke(Unknown Source)
	at java.lang.reflect.Method.invoke(Unknown Source)
	at org.testng.internal.invokers.MethodInvocationHelper.invokeMethod(MethodInvocationHelper.java:135)
	at org.testng.internal.invokers.TestInvoker.invokeMethod(TestInvoker.java:673)
	at org.testng.internal.invokers.TestInvoker.invokeTestMethod(TestInvoker.java:220)
	at org.testng.internal.invokers.MethodRunner.runInSequence(MethodRunner.java:50)
	at org.testng.internal.invokers.TestInvoker$MethodInvocationAgent.invoke(TestInvoker.java:945)
	at org.testng.internal.invokers.TestInvoker.invokeTestMethods(TestInvoker.java:193)
	at org.testng.internal.invokers.TestMethodWorker.invokeTestMethods(TestMethodWorker.java:146)
	at org.testng.internal.invokers.TestMethodWorker.run(TestMethodWorker.java:128)
	at java.util.ArrayList.forEach(Unknown Source)
	at org.testng.TestRunner.privateRun(TestRunner.java:808)
	at org.testng.TestRunner.run(TestRunner.java:603)
	at org.testng.SuiteRunner.runTest(SuiteRunner.java:429)
	at org.testng.SuiteRunner.runSequentially(SuiteRunner.java:423)
	at org.testng.SuiteRunner.privateRun(SuiteRunner.java:383)
	at org.testng.SuiteRunner.run(SuiteRunner.java:326)
	at org.testng.SuiteRunnerWorker.runSuite(SuiteRunnerWorker.java:52)
	at org.testng.SuiteRunnerWorker.run(SuiteRunnerWorker.java:95)
	at org.testng.TestNG.runSuitesSequentially(TestNG.java:1249)
	at org.testng.TestNG.runSuitesLocally(TestNG.java:1169)
	at org.testng.TestNG.runSuites(TestNG.java:1092)
	at org.testng.TestNG.run(TestNG.java:1060)
	at org.testng.remote.AbstractRemoteTestNG.run(AbstractRemoteTestNG.java:115)
	at org.testng.remote.RemoteTestNG.initAndRun(RemoteTestNG.java:251)
	at org.testng.remote.RemoteTestNG.main(RemoteTestNG.java:77)
Caused by: groovy.json.JsonException: Lexing failed on line: 1, column: 1, while reading &apos;&lt;&apos;, no possible valid JSON value or punctuation could be recognized.
	at groovy.json.JsonLexer.nextToken(JsonLexer.java:86)
	at groovy.json.JsonLexer$nextToken.call(Unknown Source)
	at io.restassured.internal.path.json.ConfigurableJsonSlurper.parse(ConfigurableJsonSlurper.groovy:97)
	at io.restassured.internal.path.json.ConfigurableJsonSlurper$parse.callCurrent(Unknown Source)
	at io.restassured.internal.path.json.ConfigurableJsonSlurper.parseText(ConfigurableJsonSlurper.groovy:83)
	at io.restassured.path.json.JsonPath$4$1.method(JsonPath.java:965)
	at io.restassured.path.json.JsonPath$ExceptionCatcher.invoke(JsonPath.java:1000)
	... 34 more
</pre></div></td>
<td>1</td>
<td>org.testing.Testscripts.TC7_Getemployee@11758f2a</td></tr>
</table><p>
<table width='100%' border='1' class='invocation-passed'>
<tr><td colspan='4' align='center'><b>PASSED TESTS</b></td></tr>
<tr><td><b>Test method</b></td>
<td width="30%"><b>Exception</b></td>
<td width="10%"><b>Time (seconds)</b></td>
<td><b>Instance</b></td>
</tr>
<tr>
<td title='org.testing.Testscripts.TC8_Alldataget.ALLDATA()'><b>ALLDATA</b><br>Test class: org.testing.Testscripts.TC8_Alldataget</td>
<td></td>
<td>1</td>
<td>org.testing.Testscripts.TC8_Alldataget@e720b71</td></tr>
<tr>
<td title='org.testing.Testscripts.TC9_Update.putupdate()'><b>putupdate</b><br>Test class: org.testing.Testscripts.TC9_Update</td>
<td></td>
<td>1</td>
<td>org.testing.Testscripts.TC9_Update@1b26f7b2</td></tr>
<tr>
<td title='org.testing.Testscripts.TC3_Getallrequest.TC3()'><b>TC3</b><br>Test class: org.testing.Testscripts.TC3_Getallrequest</td>
<td></td>
<td>1</td>
<td>org.testing.Testscripts.TC3_Getallrequest@4eb7f003</td></tr>
<tr>
<td title='org.testing.Testscripts.TC5_Deleterequest.Delete()'><b>Delete</b><br>Test class: org.testing.Testscripts.TC5_Deleterequest</td>
<td></td>
<td>0</td>
<td>org.testing.Testscripts.TC5_Deleterequest@612fc6eb</td></tr>
<tr>
<td title='org.testing.Testscripts.TC1_PostRequest.Testcase1()'><b>Testcase1</b><br>Test class: org.testing.Testscripts.TC1_PostRequest</td>
<td></td>
<td>6</td>
<td>org.testing.Testscripts.TC1_PostRequest@50d0686</td></tr>
<tr>
<td title='org.testing.Testscripts.TC10_Deletenew.deletenew()'><b>deletenew</b><br>Test class: org.testing.Testscripts.TC10_Deletenew</td>
<td></td>
<td>1</td>
<td>org.testing.Testscripts.TC10_Deletenew@1060b431</td></tr>
<tr>
<td title='org.testing.Testscripts.TC6_Createrecord.create()'><b>create</b><br>Test class: org.testing.Testscripts.TC6_Createrecord</td>
<td></td>
<td>1</td>
<td>org.testing.Testscripts.TC6_Createrecord@612679d6</td></tr>
<tr>
<td title='org.testing.Testscripts.TC4_Putrequest.Put()'><b>Put</b><br>Test class: org.testing.Testscripts.TC4_Putrequest</td>
<td></td>
<td>0</td>
<td>org.testing.Testscripts.TC4_Putrequest@eafc191</td></tr>
<tr>
<td title='org.testing.Testscripts.TC2_Getrequest.Testcase2()'><b>Testcase2</b><br>Test class: org.testing.Testscripts.TC2_Getrequest</td>
<td></td>
<td>0</td>
<td>org.testing.Testscripts.TC2_Getrequest@87f383f</td></tr>
</table><p>
</body>
</html>